<?xml version="1.0" encoding="UTF-8"?>
<testsuite xmlns:xsi="http://www.w3.org/2001/XMLSchema-instance" xsi:noNamespaceSchemaLocation="https://maven.apache.org/surefire/maven-surefire-plugin/xsd/surefire-test-report-3.0.xsd" version="3.0" name="nl.altindag.server.controller.HelloWorldControllerShould" time="0.057" tests="4" errors="0" skipped="0" failures="0">
  <properties>
[...]
</properties>
  <testcase name="annotatedWithLogCertificate" classname="nl.altindag.server.controller.HelloWorldControllerShould" time="0.011"/>
  <testcase name="annotatedWithLogClientType" classname="nl.altindag.server.controller.HelloWorldControllerShould" time="0.001"/>
  <testcase name="returnStatusCode200" classname="nl.altindag.server.controller.HelloWorldControllerShould" time="0.034"/>
  <testcase name="returnHelloMessage" classname="nl.altindag.server.controller.HelloWorldControllerShould" time="0.005"/>
</testsuite>