<?xml version="1.0" encoding="UTF-8"?>
<testsuite xmlns:xsi="http://www.w3.org/2001/XMLSchema-instance" xsi:noNamespaceSchemaLocation="https://maven.apache.org/surefire/maven-surefire-plugin/xsd/surefire-test-report-3.0.xsd" version="3.0" name="nl.altindag.server.controller.HelloWorldControllerWebLayerShould" time="1.708" tests="1" errors="0" skipped="0" failures="0">
  <properties>
[...]
</properties>
  <testcase name="returnHelloMessage" classname="nl.altindag.server.controller.HelloWorldControllerWebLayerShould" time="0.067">
    <system-out><![CDATA[13:44:15.611 [main] DEBUG org.springframework.test.context.BootstrapUtils - Instantiating CacheAwareContextLoaderDelegate from class [org.springframework.test.context.cache.DefaultCacheAwareContextLoaderDelegate]
13:44:15.619 [main] DEBUG org.springframework.test.context.BootstrapUtils - Instantiating BootstrapContext using constructor [public org.springframework.test.context.support.DefaultBootstrapContext(java.lang.Class,org.springframework.test.context.CacheAwareContextLoaderDelegate)]
13:44:15.689 [main] DEBUG org.springframework.test.context.BootstrapUtils - Instantiating TestContextBootstrapper for test class [nl.altindag.server.controller.HelloWorldControllerWebLayerShould] from class [org.springframework.boot.test.autoconfigure.web.servlet.WebMvcTestContextBootstrapper]
13:44:15.704 [main] INFO org.springframework.boot.test.autoconfigure.web.servlet.WebMvcTestContextBootstrapper - Neither @ContextConfiguration nor @ContextHierarchy found for test class [nl.altindag.server.controller.HelloWorldControllerWebLayerShould], using SpringBootContextLoader
13:44:15.708 [main] DEBUG org.springframework.test.context.support.AbstractContextLoader - Did not detect default resource location for test class [nl.altindag.server.controller.HelloWorldControllerWebLayerShould]: class path resource [nl/altindag/server/controller/HelloWorldControllerWebLayerShould-context.xml] does not exist
13:44:15.709 [main] DEBUG org.springframework.test.context.support.AbstractContextLoader - Did not detect default resource location for test class [nl.altindag.server.controller.HelloWorldControllerWebLayerShould]: class path resource [nl/altindag/server/controller/HelloWorldControllerWebLayerShouldContext.groovy] does not exist
13:44:15.709 [main] INFO org.springframework.test.context.support.AbstractContextLoader - Could not detect default resource locations for test class [nl.altindag.server.controller.HelloWorldControllerWebLayerShould]: no resource found for suffixes {-context.xml, Context.groovy}.
13:44:15.710 [main] INFO org.springframework.test.context.support.AnnotationConfigContextLoaderUtils - Could not detect default configuration classes for test class [nl.altindag.server.controller.HelloWorldControllerWebLayerShould]: HelloWorldControllerWebLayerShould does not declare any static, non-private, non-final, nested classes annotated with @Configuration.
13:44:15.773 [main] DEBUG org.springframework.test.context.support.ActiveProfilesUtils - Could not find an 'annotation declaring class' for annotation type [org.springframework.test.context.ActiveProfiles] and class [nl.altindag.server.controller.HelloWorldControllerWebLayerShould]
13:44:15.816 [main] DEBUG org.springframework.context.annotation.ClassPathScanningCandidateComponentProvider - Identified candidate component class: file [/home/itri460857/mutual-tls-ssl/server/target/classes/nl/altindag/server/App.class]
13:44:15.817 [main] INFO org.springframework.boot.test.context.SpringBootTestContextBootstrapper - Found @SpringBootConfiguration nl.altindag.server.App for test class nl.altindag.server.controller.HelloWorldControllerWebLayerShould
13:44:15.820 [main] DEBUG org.springframework.boot.test.autoconfigure.web.servlet.WebMvcTestContextBootstrapper - @TestExecutionListeners is not present for class [nl.altindag.server.controller.HelloWorldControllerWebLayerShould]: using defaults.
13:44:15.820 [main] INFO org.springframework.boot.test.autoconfigure.web.servlet.WebMvcTestContextBootstrapper - Loaded default TestExecutionListener class names from location [META-INF/spring.factories]: [org.springframework.boot.test.mock.mockito.MockitoTestExecutionListener, org.springframework.boot.test.mock.mockito.ResetMocksTestExecutionListener, org.springframework.boot.test.autoconfigure.restdocs.RestDocsTestExecutionListener, org.springframework.boot.test.autoconfigure.web.client.MockRestServiceServerResetTestExecutionListener, org.springframework.boot.test.autoconfigure.web.servlet.MockMvcPrintOnlyOnFailureTestExecutionListener, org.springframework.boot.test.autoconfigure.web.servlet.WebDriverTestExecutionListener, org.springframework.boot.test.autoconfigure.webservices.client.MockWebServiceServerTestExecutionListener, org.springframework.test.context.web.ServletTestExecutionListener, org.springframework.test.context.support.DirtiesContextBeforeModesTestExecutionListener, org.springframework.test.context.event.ApplicationEventsTestExecutionListener, org.springframework.test.context.support.DependencyInjectionTestExecutionListener, org.springframework.test.context.support.DirtiesContextTestExecutionListener, org.springframework.test.context.transaction.TransactionalTestExecutionListener, org.springframework.test.context.jdbc.SqlScriptsTestExecutionListener, org.springframework.test.context.event.EventPublishingTestExecutionListener]
13:44:15.830 [main] DEBUG org.springframework.boot.test.autoconfigure.web.servlet.WebMvcTestContextBootstrapper - Skipping candidate TestExecutionListener [org.springframework.test.context.transaction.TransactionalTestExecutionListener] due to a missing dependency. Specify custom listener classes or make the default listener classes and their required dependencies available. Offending class: [org/springframework/transaction/interceptor/TransactionAttributeSource]
13:44:15.830 [main] DEBUG org.springframework.boot.test.autoconfigure.web.servlet.WebMvcTestContextBootstrapper - Skipping candidate TestExecutionListener [org.springframework.test.context.jdbc.SqlScriptsTestExecutionListener] due to a missing dependency. Specify custom listener classes or make the default listener classes and their required dependencies available. Offending class: [org/springframework/transaction/interceptor/TransactionAttribute]
13:44:15.830 [main] INFO org.springframework.boot.test.autoconfigure.web.servlet.WebMvcTestContextBootstrapper - Using TestExecutionListeners: [org.springframework.test.context.web.ServletTestExecutionListener@408e96d9, org.springframework.test.context.support.DirtiesContextBeforeModesTestExecutionListener@59901c4d, org.springframework.test.context.event.ApplicationEventsTestExecutionListener@168cd36b, org.springframework.boot.test.mock.mockito.MockitoTestExecutionListener@d8d9199, org.springframework.boot.test.autoconfigure.SpringBootDependencyInjectionTestExecutionListener@3901f6af, org.springframework.test.context.support.DirtiesContextTestExecutionListener@602ae7b6, org.springframework.test.context.event.EventPublishingTestExecutionListener@10cd6753, org.springframework.boot.test.mock.mockito.ResetMocksTestExecutionListener@71ad3d8a, org.springframework.boot.test.autoconfigure.restdocs.RestDocsTestExecutionListener@47af099e, org.springframework.boot.test.autoconfigure.web.client.MockRestServiceServerResetTestExecutionListener@700f518a, org.springframework.boot.test.autoconfigure.web.servlet.MockMvcPrintOnlyOnFailureTestExecutionListener@b835727, org.springframework.boot.test.autoconfigure.web.servlet.WebDriverTestExecutionListener@13da7ab0, org.springframework.boot.test.autoconfigure.webservices.client.MockWebServiceServerTestExecutionListener@2c8662ac]
13:44:15.834 [main] DEBUG org.springframework.test.context.support.AbstractDirtiesContextTestExecutionListener - Before test class: context [DefaultTestContext@7a7cc52c testClass = HelloWorldControllerWebLayerShould, testInstance = [null], testMethod = [null], testException = [null], mergedContextConfiguration = [WebMergedContextConfiguration@5853495b testClass = HelloWorldControllerWebLayerShould, locations = '{}', classes = '{class nl.altindag.server.App}', contextInitializerClasses = '[]', activeProfiles = '{}', propertySourceLocations = '{}', propertySourceProperties = '{org.springframework.boot.test.autoconfigure.web.servlet.WebMvcTestContextBootstrapper=true}', contextCustomizers = set[[ImportsContextCustomizer@524a2ffb key = [org.springframework.boot.autoconfigure.cache.CacheAutoConfiguration, org.springframework.boot.autoconfigure.context.MessageSourceAutoConfiguration, org.springframework.boot.autoconfigure.data.web.SpringDataWebAutoConfiguration, org.springframework.boot.autoconfigure.freemarker.FreeMarkerAutoConfiguration, org.springframework.boot.autoconfigure.groovy.template.GroovyTemplateAutoConfiguration, org.springframework.boot.autoconfigure.gson.GsonAutoConfiguration, org.springframework.boot.autoconfigure.hateoas.HypermediaAutoConfiguration, org.springframework.boot.autoconfigure.http.HttpMessageConvertersAutoConfiguration, org.springframework.boot.autoconfigure.jackson.JacksonAutoConfiguration, org.springframework.boot.autoconfigure.jsonb.JsonbAutoConfiguration, org.springframework.boot.autoconfigure.mustache.MustacheAutoConfiguration, org.springframework.boot.autoconfigure.task.TaskExecutionAutoConfiguration, org.springframework.boot.autoconfigure.thymeleaf.ThymeleafAutoConfiguration, org.springframework.boot.autoconfigure.validation.ValidationAutoConfiguration, org.springframework.boot.autoconfigure.web.servlet.error.ErrorMvcAutoConfiguration, org.springframework.boot.autoconfigure.web.servlet.HttpEncodingAutoConfiguration, org.springframework.boot.autoconfigure.web.servlet.WebMvcAutoConfiguration, org.springframework.boot.test.autoconfigure.web.servlet.MockMvcAutoConfiguration, org.springframework.boot.test.autoconfigure.web.servlet.MockMvcWebClientAutoConfiguration, org.springframework.boot.test.autoconfigure.web.servlet.MockMvcWebDriverAutoConfiguration, org.springframework.boot.autoconfigure.security.oauth2.client.servlet.OAuth2ClientAutoConfiguration, org.springframework.boot.autoconfigure.security.oauth2.resource.servlet.OAuth2ResourceServerAutoConfiguration, org.springframework.boot.autoconfigure.security.servlet.SecurityAutoConfiguration, org.springframework.boot.autoconfigure.security.servlet.SecurityFilterAutoConfiguration, org.springframework.boot.autoconfigure.security.servlet.UserDetailsServiceAutoConfiguration, org.springframework.boot.test.autoconfigure.web.servlet.MockMvcSecurityConfiguration, org.springframework.boot.test.autoconfigure.web.reactive.WebTestClientAutoConfiguration]], org.springframework.boot.test.context.filter.ExcludeFilterContextCustomizer@7c853486, org.springframework.boot.test.json.DuplicateJsonObjectContextCustomizerFactory$DuplicateJsonObjectContextCustomizer@243f003c, org.springframework.boot.test.mock.mockito.MockitoContextCustomizer@0, org.springframework.boot.test.autoconfigure.OverrideAutoConfigurationContextCustomizerFactory$DisableAutoConfigurationContextCustomizer@8b91134, org.springframework.boot.test.autoconfigure.actuate.metrics.MetricsExportContextCustomizerFactory$DisableMetricExportContextCustomizer@3874b815, org.springframework.boot.test.autoconfigure.filter.TypeExcludeFiltersContextCustomizer@7bdd7766, org.springframework.boot.test.autoconfigure.properties.PropertyMappingContextCustomizer@1b234d0e, org.springframework.boot.test.autoconfigure.web.servlet.WebDriverContextCustomizerFactory$Customizer@6d469831, org.springframework.boot.test.context.SpringBootTestArgs@1, org.springframework.boot.test.context.SpringBootTestWebEnvironment@0], resourceBasePath = 'src/main/webapp', contextLoader = 'org.springframework.boot.test.context.SpringBootContextLoader', parent = [null]], attributes = map[[empty]]], class annotated with @DirtiesContext [false] with mode [null].
13:44:15.840 [main] DEBUG org.springframework.test.context.support.DependencyInjectionTestExecutionListener - Performing dependency injection for test context [[DefaultTestContext@7a7cc52c testClass = HelloWorldControllerWebLayerShould, testInstance = nl.altindag.server.controller.HelloWorldControllerWebLayerShould@12d1f1d4, testMethod = [null], testException = [null], mergedContextConfiguration = [WebMergedContextConfiguration@5853495b testClass = HelloWorldControllerWebLayerShould, locations = '{}', classes = '{class nl.altindag.server.App}', contextInitializerClasses = '[]', activeProfiles = '{}', propertySourceLocations = '{}', propertySourceProperties = '{org.springframework.boot.test.autoconfigure.web.servlet.WebMvcTestContextBootstrapper=true}', contextCustomizers = set[[ImportsContextCustomizer@524a2ffb key = [org.springframework.boot.autoconfigure.cache.CacheAutoConfiguration, org.springframework.boot.autoconfigure.context.MessageSourceAutoConfiguration, org.springframework.boot.autoconfigure.data.web.SpringDataWebAutoConfiguration, org.springframework.boot.autoconfigure.freemarker.FreeMarkerAutoConfiguration, org.springframework.boot.autoconfigure.groovy.template.GroovyTemplateAutoConfiguration, org.springframework.boot.autoconfigure.gson.GsonAutoConfiguration, org.springframework.boot.autoconfigure.hateoas.HypermediaAutoConfiguration, org.springframework.boot.autoconfigure.http.HttpMessageConvertersAutoConfiguration, org.springframework.boot.autoconfigure.jackson.JacksonAutoConfiguration, org.springframework.boot.autoconfigure.jsonb.JsonbAutoConfiguration, org.springframework.boot.autoconfigure.mustache.MustacheAutoConfiguration, org.springframework.boot.autoconfigure.task.TaskExecutionAutoConfiguration, org.springframework.boot.autoconfigure.thymeleaf.ThymeleafAutoConfiguration, org.springframework.boot.autoconfigure.validation.ValidationAutoConfiguration, org.springframework.boot.autoconfigure.web.servlet.error.ErrorMvcAutoConfiguration, org.springframework.boot.autoconfigure.web.servlet.HttpEncodingAutoConfiguration, org.springframework.boot.autoconfigure.web.servlet.WebMvcAutoConfiguration, org.springframework.boot.test.autoconfigure.web.servlet.MockMvcAutoConfiguration, org.springframework.boot.test.autoconfigure.web.servlet.MockMvcWebClientAutoConfiguration, org.springframework.boot.test.autoconfigure.web.servlet.MockMvcWebDriverAutoConfiguration, org.springframework.boot.autoconfigure.security.oauth2.client.servlet.OAuth2ClientAutoConfiguration, org.springframework.boot.autoconfigure.security.oauth2.resource.servlet.OAuth2ResourceServerAutoConfiguration, org.springframework.boot.autoconfigure.security.servlet.SecurityAutoConfiguration, org.springframework.boot.autoconfigure.security.servlet.SecurityFilterAutoConfiguration, org.springframework.boot.autoconfigure.security.servlet.UserDetailsServiceAutoConfiguration, org.springframework.boot.test.autoconfigure.web.servlet.MockMvcSecurityConfiguration, org.springframework.boot.test.autoconfigure.web.reactive.WebTestClientAutoConfiguration]], org.springframework.boot.test.context.filter.ExcludeFilterContextCustomizer@7c853486, org.springframework.boot.test.json.DuplicateJsonObjectContextCustomizerFactory$DuplicateJsonObjectContextCustomizer@243f003c, org.springframework.boot.test.mock.mockito.MockitoContextCustomizer@0, org.springframework.boot.test.autoconfigure.OverrideAutoConfigurationContextCustomizerFactory$DisableAutoConfigurationContextCustomizer@8b91134, org.springframework.boot.test.autoconfigure.actuate.metrics.MetricsExportContextCustomizerFactory$DisableMetricExportContextCustomizer@3874b815, org.springframework.boot.test.autoconfigure.filter.TypeExcludeFiltersContextCustomizer@7bdd7766, org.springframework.boot.test.autoconfigure.properties.PropertyMappingContextCustomizer@1b234d0e, org.springframework.boot.test.autoconfigure.web.servlet.WebDriverContextCustomizerFactory$Customizer@6d469831, org.springframework.boot.test.context.SpringBootTestArgs@1, org.springframework.boot.test.context.SpringBootTestWebEnvironment@0], resourceBasePath = 'src/main/webapp', contextLoader = 'org.springframework.boot.test.context.SpringBootContextLoader', parent = [null]], attributes = map['org.springframework.test.context.event.ApplicationEventsTestExecutionListener.recordApplicationEvents' -> false]]].
#   ________ __                               __                   __
#  |        |  \                             |  \                 |  \
#   \$$$$$$$| $$____  __    __ _______   ____| $$ ______   ______ | $$____   ______   ______   ______  __    __
#     | $$  | $$    \|  \  |  |       \ /      $$/      \ /      \| $$    \ /      \ /      \ /      \|  \  |  \
#     | $$  | $$$$$$$| $$  | $| $$$$$$$|  $$$$$$|  $$$$$$|  $$$$$$| $$$$$$$|  $$$$$$|  $$$$$$|  $$$$$$| $$  | $$
#     | $$  | $$  | $| $$  | $| $$  | $| $$  | $| $$    $| $$   \$| $$  | $| $$    $| $$   \$| $$   \$| $$  | $$
#     | $$  | $$  | $| $$__/ $| $$  | $| $$__| $| $$$$$$$| $$     | $$__/ $| $$$$$$$| $$     | $$     | $$__/ $$
#     | $$  | $$  | $$\$$    $| $$  | $$\$$    $$\$$     | $$     | $$    $$\$$     | $$     | $$      \$$    $$
#      \$$   \$$   \$$ \$$$$$$ \$$   \$$ \$$$$$$$ \$$$$$$$\$$      \$$$$$$$  \$$$$$$$\$$      \$$      _\$$$$$$$
#                                                                                                     |  \__| $$
#                                                                                                      \$$    $$
#  http://thunderberry.nl/                                                                              \$$$$$$

2023-02-04 13:44:16.232  INFO 18504 --- [           main] a.s.c.HelloWorldControllerWebLayerShould : Starting HelloWorldControllerWebLayerShould using Java 11.0.17 on 52-0460857-01 with PID 18504 (started by itri460857 in /home/itri460857/mutual-tls-ssl/server)
2023-02-04 13:44:16.235  INFO 18504 --- [           main] a.s.c.HelloWorldControllerWebLayerShould : No active profile set, falling back to 1 default profile: "default"
2023-02-04 13:44:17.213  INFO 18504 --- [           main] o.s.b.t.m.w.SpringBootMockServletContext : Initializing Spring TestDispatcherServlet ''
2023-02-04 13:44:17.213  INFO 18504 --- [           main] o.s.t.web.servlet.TestDispatcherServlet  : Initializing Servlet ''
2023-02-04 13:44:17.214  INFO 18504 --- [           main] o.s.t.web.servlet.TestDispatcherServlet  : Completed initialization in 1 ms
2023-02-04 13:44:17.236  INFO 18504 --- [           main] a.s.c.HelloWorldControllerWebLayerShould : Started HelloWorldControllerWebLayerShould in 1.364 seconds (JVM running for 3.483)
]]></system-out>
  </testcase>
</testsuite>